Unity Editor version:    6000.0.23f1 (1c4764c07fb4)
Branch:                  6000.0/staging
Build type:              Release
Batch mode:              YES
macOS version:           Version 14.4 (Build 23E214)
Darwin version:          23.4.0
Architecture:            arm64
Running under Rosetta:   NO
Available memory:        16384 MB
Using pre-set license
Pro License: YES

COMMAND LINE ARGUMENTS:
/Applications/Unity/Hub/Editor/6000.0.23f1/Unity.app/Contents/MacOS/Unity
-adb2
-batchMode
-noUpm
-name
AssetImportWorker0
-projectPath
/Users/xabieralbizuarias/Documents/imat/3/1_cuatri/ParadigmasP/Prueba/Unity/MarioKart/New Unity Project
-logFile
Logs/AssetImportWorker0.log
-srvPort
49584
-job-worker-count
3
-background-job-worker-count
8
-asset-garbage-collectors
1
Successfully changed project path to: /Users/xabieralbizuarias/Documents/imat/3/1_cuatri/ParadigmasP/Prueba/Unity/MarioKart/New Unity Project
/Users/xabieralbizuarias/Documents/imat/3/1_cuatri/ParadigmasP/Prueba/Unity/MarioKart/New Unity Project
[UnityMemory] Configuration Parameters - Can be set up in boot.config
    "memorysetup-bucket-allocator-granularity=16"
    "memorysetup-bucket-allocator-bucket-count=8"
    "memorysetup-bucket-allocator-block-size=33554432"
    "memorysetup-bucket-allocator-block-count=8"
    "memorysetup-main-allocator-block-size=16777216"
    "memorysetup-thread-allocator-block-size=16777216"
    "memorysetup-gfx-main-allocator-block-size=16777216"
    "memorysetup-gfx-thread-allocator-block-size=16777216"
    "memorysetup-cache-allocator-block-size=4194304"
    "memorysetup-typetree-allocator-block-size=2097152"
    "memorysetup-profiler-bucket-allocator-granularity=16"
    "memorysetup-profiler-bucket-allocator-bucket-count=8"
    "memorysetup-profiler-bucket-allocator-block-size=33554432"
    "memorysetup-profiler-bucket-allocator-block-count=8"
    "memorysetup-profiler-allocator-block-size=16777216"
    "memorysetup-profiler-editor-allocator-block-size=1048576"
    "memorysetup-temp-allocator-size-main=16777216"
    "memorysetup-job-temp-allocator-block-size=2097152"
    "memorysetup-job-temp-allocator-block-size-background=1048576"
    "memorysetup-job-temp-allocator-reduction-small-platforms=262144"
    "memorysetup-allocator-temp-initial-block-size-main=262144"
    "memorysetup-allocator-temp-initial-block-size-worker=262144"
    "memorysetup-temp-allocator-size-background-worker=32768"
    "memorysetup-temp-allocator-size-job-worker=262144"
    "memorysetup-temp-allocator-size-preload-manager=33554432"
    "memorysetup-temp-allocator-size-nav-mesh-worker=65536"
    "memorysetup-temp-allocator-size-audio-worker=65536"
    "memorysetup-temp-allocator-size-cloud-worker=32768"
    "memorysetup-temp-allocator-size-gi-baking-worker=262144"
    "memorysetup-temp-allocator-size-gi-baking-worker=262144"
    "memorysetup-temp-allocator-size-gi-baking-worker=262144"
    "memorysetup-temp-allocator-size-gi-baking-worker=262144"
    "memorysetup-temp-allocator-size-gi-baking-worker=262144"
    "memorysetup-temp-allocator-size-gfx=262144"
Player connection [8303033024]  Target information:

Player connection [8303033024] Host joined multi-casting on [225.0.0.222:54997]...
Player connection [8303033024] Host joined alternative multi-casting on [225.0.0.222:34997]...
JobSystem: Creating JobQueue using job-worker-count value 3
[Physics::Module] Initialized fallback backend.
[Physics::Module] Id: 0xdecafbad
Library Redirect Path: Library/
[Physics::Module] Selected backend.
[Physics::Module] Name: PhysX
[Physics::Module] Id: 0xf2b8ea05
[Physics::Module] SDK Version: 4.1.2
[Physics::Module] Integration Version: 1.0.0
[Physics::Module] Threading Mode: Multi-Threaded
Refreshing native plugins compatible for Editor in 0.00 ms, found 0 plugins.
Preloading 0 native plugins for Editor in 0.00 ms.
Initialize engine version: 6000.0.23f1 (1c4764c07fb4)
[Subsystems] Discovering subsystems at path /Applications/Unity/Hub/Editor/6000.0.23f1/Unity.app/Contents/Resources/UnitySubsystems
[Subsystems] Discovering subsystems at path /Users/xabieralbizuarias/Documents/imat/3/1_cuatri/ParadigmasP/Prueba/Unity/MarioKart/New Unity Project/Assets
GfxDevice: creating device client; kGfxThreadingModeNonThreaded
 preferred device: Apple M2 (high power)
Metal devices available: 1
0: Apple M2 (high power)
Using device Apple M2 (high power)
Initializing Metal device caps: Apple M2
Initialize mono
Mono path[0] = '/Applications/Unity/Hub/Editor/6000.0.23f1/Unity.app/Contents/Managed'
Mono path[1] = '/Applications/Unity/Hub/Editor/6000.0.23f1/Unity.app/Contents/MonoBleedingEdge/lib/mono/unityjit-macos'
Mono config path = '/Applications/Unity/Hub/Editor/6000.0.23f1/Unity.app/Contents/MonoBleedingEdge/etc'
Using monoOptions --debugger-agent=transport=dt_socket,embedding=1,server=y,suspend=n,address=127.0.0.1:56047
Begin MonoManager ReloadAssembly
Registering precompiled unity dll's ...
Register platform support module: /Applications/Unity/Hub/Editor/6000.0.23f1/PlaybackEngines/WebGLSupport/UnityEditor.WebGL.Extensions.dll
Register platform support module: /Applications/Unity/Hub/Editor/6000.0.23f1/Unity.app/Contents/PlaybackEngines/MacStandaloneSupport/UnityEditor.OSXStandalone.Extensions.dll
Registered in 0.004060 seconds.
- Loaded All Assemblies, in  0.443 seconds
Native extension for OSXStandalone target not found
Native extension for WebGL target not found
Mono: successfully reloaded assembly
- Finished resetting the current domain, in  0.763 seconds
Domain Reload Profiling: 1206ms
	BeginReloadAssembly (123ms)
		ExecutionOrderSort (0ms)
		DisableScriptedObjects (0ms)
		BackupInstance (0ms)
		ReleaseScriptingObjects (0ms)
		CreateAndSetChildDomain (1ms)
	RebuildCommonClasses (43ms)
	RebuildNativeTypeToScriptingClass (17ms)
	initialDomainReloadingComplete (55ms)
	LoadAllAssembliesAndSetupDomain (204ms)
		LoadAssemblies (123ms)
		RebuildTransferFunctionScriptingTraits (0ms)
		AnalyzeDomain (201ms)
			TypeCache.Refresh (200ms)
				TypeCache.ScanAssembly (183ms)
			BuildScriptInfoCaches (0ms)
			ResolveRequiredComponents (0ms)
	FinalizeReload (764ms)
		ReleaseScriptCaches (0ms)
		RebuildScriptCaches (0ms)
		SetupLoadedEditorAssemblies (707ms)
			LogAssemblyErrors (0ms)
			InitializePlatformSupportModulesInManaged (50ms)
			SetLoadedEditorAssemblies (5ms)
			BeforeProcessingInitializeOnLoad (7ms)
			ProcessInitializeOnLoadAttributes (261ms)
			ProcessInitializeOnLoadMethodAttributes (199ms)
			AfterProcessingInitializeOnLoad (185ms)
			EditorAssembliesLoaded (0ms)
		ExecutionOrderSort2 (0ms)
		AwakeInstancesAfterBackupRestoration (0ms)
========================================================================
Worker process is ready to serve import requests
Import Worker Mode flag is 0x00
Begin MonoManager ReloadAssembly
- Loaded All Assemblies, in  0.696 seconds
Refreshing native plugins compatible for Editor in 0.00 ms, found 0 plugins.
Native extension for OSXStandalone target not found
Native extension for WebGL target not found
Mono: successfully reloaded assembly
- Finished resetting the current domain, in  1.071 seconds
Domain Reload Profiling: 1767ms
	BeginReloadAssembly (556ms)
		ExecutionOrderSort (0ms)
		DisableScriptedObjects (8ms)
		BackupInstance (0ms)
		ReleaseScriptingObjects (0ms)
		CreateAndSetChildDomain (47ms)
	RebuildCommonClasses (50ms)
	RebuildNativeTypeToScriptingClass (18ms)
	initialDomainReloadingComplete (20ms)
	LoadAllAssembliesAndSetupDomain (51ms)
		LoadAssemblies (73ms)
		RebuildTransferFunctionScriptingTraits (0ms)
		AnalyzeDomain (38ms)
			TypeCache.Refresh (25ms)
				TypeCache.ScanAssembly (18ms)
			BuildScriptInfoCaches (8ms)
			ResolveRequiredComponents (3ms)
	FinalizeReload (1072ms)
		ReleaseScriptCaches (0ms)
		RebuildScriptCaches (0ms)
		SetupLoadedEditorAssemblies (636ms)
			LogAssemblyErrors (0ms)
			InitializePlatformSupportModulesInManaged (10ms)
			SetLoadedEditorAssemblies (10ms)
			BeforeProcessingInitializeOnLoad (23ms)
			ProcessInitializeOnLoadAttributes (343ms)
			ProcessInitializeOnLoadMethodAttributes (69ms)
			AfterProcessingInitializeOnLoad (181ms)
			EditorAssembliesLoaded (0ms)
		ExecutionOrderSort2 (0ms)
		AwakeInstancesAfterBackupRestoration (10ms)
Launching external process: /Applications/Unity/Hub/Editor/6000.0.23f1/Unity.app/Contents/Tools/UnityShaderCompiler
Launched and connected shader compiler UnityShaderCompiler after 0.07 seconds
Refreshing native plugins compatible for Editor in 0.00 ms, found 0 plugins.
Preloading 0 native plugins for Editor in 0.00 ms.
Unloading 8 Unused Serialized files (Serialized files now loaded: 0)
Unloading 722 unused Assets / (134.3 KB). Loaded Objects now: 1358.
Memory consumption went from 102.8 MB to 102.7 MB.
Total: 7.011542 ms (FindLiveObjects: 0.133917 ms CreateObjectMapping: 0.039042 ms MarkObjects: 6.586250 ms  DeleteObjects: 0.251875 ms)

========================================================================
Received Import Request.
  Time since last request: 13227.404158 seconds.
  path: Assets/Prefabs/Spline.prefab
  artifactKey: Guid(139ad239e2a514b4c9ce4b1b57ffd675) Importer(815301076,1909f56bfc062723c751e8b465ee728b)
Start importing Assets/Prefabs/Spline.prefab using Guid(139ad239e2a514b4c9ce4b1b57ffd675) Importer(815301076,1909f56bfc062723c751e8b465ee728b) (PreviewImporter) -> (artifact id: '6fb83967cc783af5f820032921da8795') in 0.220961042 seconds
Number of updated asset objects reloaded before import = 0Number of asset objects unloaded after import = 32

========================================================================
Received Import Request.
  Time since last request: 189.722635 seconds.
  path: Assets/Prefabs
  artifactKey: Guid(aa61b5dc9806142b3930ffd4e5f6386a) Importer(815301076,1909f56bfc062723c751e8b465ee728b)
Start importing Assets/Prefabs using Guid(aa61b5dc9806142b3930ffd4e5f6386a) Importer(815301076,1909f56bfc062723c751e8b465ee728b) (PreviewImporter) -> (artifact id: 'd5be8c0f19b360704a2dd424347b0e59') in 0.000454583 seconds
Number of updated asset objects reloaded before import = 0Number of asset objects unloaded after import = 0

========================================================================
Received Import Request.
  Time since last request: 293.384816 seconds.
  path: Assets/Prefabs/Spline.prefab
  artifactKey: Guid(139ad239e2a514b4c9ce4b1b57ffd675) Importer(815301076,1909f56bfc062723c751e8b465ee728b)
Start importing Assets/Prefabs/Spline.prefab using Guid(139ad239e2a514b4c9ce4b1b57ffd675) Importer(815301076,1909f56bfc062723c751e8b465ee728b) (PreviewImporter) -> (artifact id: 'f22c7b8cb217e9fab7e1ea495e3bc06b') in 0.001200375 seconds
Number of updated asset objects reloaded before import = 0Number of asset objects unloaded after import = 6

========================================================================
Received Import Request.
  Time since last request: 4.241174 seconds.
  path: Assets/Prefabs/Spline.prefab
  artifactKey: Guid(139ad239e2a514b4c9ce4b1b57ffd675) Importer(815301076,1909f56bfc062723c751e8b465ee728b)
Start importing Assets/Prefabs/Spline.prefab using Guid(139ad239e2a514b4c9ce4b1b57ffd675) Importer(815301076,1909f56bfc062723c751e8b465ee728b) (PreviewImporter) -> (artifact id: 'd4175dc35f7bcb382f8fd3cce0e3056d') in 0.001280917 seconds
Number of updated asset objects reloaded before import = 0Number of asset objects unloaded after import = 6

========================================================================
Received Import Request.
  Time since last request: 1.011707 seconds.
  path: Assets/Prefabs/Managers/CollisionManager.prefab
  artifactKey: Guid(cd511facd32e54ea280adaaed1e319de) Importer(815301076,1909f56bfc062723c751e8b465ee728b)
Start importing Assets/Prefabs/Managers/CollisionManager.prefab using Guid(cd511facd32e54ea280adaaed1e319de) Importer(815301076,1909f56bfc062723c751e8b465ee728b) (PreviewImporter) -> (artifact id: 'f7532eea6a247661a938d2cb70df76c8') in 0.000988875 seconds
Number of updated asset objects reloaded before import = 0Number of asset objects unloaded after import = 4

========================================================================
Received Import Request.
  Time since last request: 2.246417 seconds.
  path: Assets/Base/Mario/Mario Kart/F2_Item_Kart_Mario_S.dae
  artifactKey: Guid(868e0223f4a6540dba8fe9fdf50304b6) Importer(815301076,1909f56bfc062723c751e8b465ee728b)
Start importing Assets/Base/Mario/Mario Kart/F2_Item_Kart_Mario_S.dae using Guid(868e0223f4a6540dba8fe9fdf50304b6) Importer(815301076,1909f56bfc062723c751e8b465ee728b) (PreviewImporter) -> (artifact id: 'ad5d40e34129e91ada2383eae81a8574') in 0.233406292 seconds
Number of updated asset objects reloaded before import = 0Number of asset objects unloaded after import = 23

========================================================================
Received Import Request.
  Time since last request: 0.765731 seconds.
  path: Assets/Prefabs/Peach/F2_Item_Kart_Peach_S 1.prefab
  artifactKey: Guid(10c2e400937b7453e9a0effbe6dfe5cf) Importer(815301076,1909f56bfc062723c751e8b465ee728b)
Start importing Assets/Prefabs/Peach/F2_Item_Kart_Peach_S 1.prefab using Guid(10c2e400937b7453e9a0effbe6dfe5cf) Importer(815301076,1909f56bfc062723c751e8b465ee728b) (PreviewImporter) -> (artifact id: '2912514b7210f704b0ec63b7abfe80cf') in 0.010600708 seconds
Number of updated asset objects reloaded before import = 0Number of asset objects unloaded after import = 143

========================================================================
Received Import Request.
  Time since last request: 0.032646 seconds.
  path: Assets/Prefabs/Yoshi/F2_Item_Kart_Yoshi_S.prefab
  artifactKey: Guid(55d614447bb2e435b973ef6f7efdde6d) Importer(815301076,1909f56bfc062723c751e8b465ee728b)
Start importing Assets/Prefabs/Yoshi/F2_Item_Kart_Yoshi_S.prefab using Guid(55d614447bb2e435b973ef6f7efdde6d) Importer(815301076,1909f56bfc062723c751e8b465ee728b) (PreviewImporter) -> (artifact id: '1625127f33917ce44c4c22a3991732a3') in 0.007525667 seconds
Number of updated asset objects reloaded before import = 0Number of asset objects unloaded after import = 135

========================================================================
Received Import Request.
  Time since last request: 0.044788 seconds.
  path: Assets/Base/ItemBox/Item Box/ItemBox.dae
  artifactKey: Guid(f781c4c4951bf446783de4f47f9c1b80) Importer(815301076,1909f56bfc062723c751e8b465ee728b)
Start importing Assets/Base/ItemBox/Item Box/ItemBox.dae using Guid(f781c4c4951bf446783de4f47f9c1b80) Importer(815301076,1909f56bfc062723c751e8b465ee728b) (PreviewImporter) -> (artifact id: 'b5299e755fdfe046d9197cc2295c1d7e') in 0.047957375 seconds
Number of updated asset objects reloaded before import = 0Number of asset objects unloaded after import = 20

========================================================================
Received Import Request.
  Time since last request: 0.754664 seconds.
  path: Assets/Prefabs/AI/Spline Variant.prefab
  artifactKey: Guid(faf29e4812b9d4964a95db26f827d3fb) Importer(815301076,1909f56bfc062723c751e8b465ee728b)
Start importing Assets/Prefabs/AI/Spline Variant.prefab using Guid(faf29e4812b9d4964a95db26f827d3fb) Importer(815301076,1909f56bfc062723c751e8b465ee728b) (PreviewImporter) -> (artifact id: '838a1d4236ba102ad32fd87daf0e3a6a') in 0.034046625 seconds
Number of updated asset objects reloaded before import = 0Number of asset objects unloaded after import = 55

========================================================================
Received Import Request.
  Time since last request: 0.031280 seconds.
  path: Assets/Base/ShyGuy/Shy Guy Kart/StgKartHeyho01.dae
  artifactKey: Guid(3a13e72001c584bf3a7091f8440e9350) Importer(815301076,1909f56bfc062723c751e8b465ee728b)
Start importing Assets/Base/ShyGuy/Shy Guy Kart/StgKartHeyho01.dae using Guid(3a13e72001c584bf3a7091f8440e9350) Importer(815301076,1909f56bfc062723c751e8b465ee728b) (PreviewImporter) -> (artifact id: '28f3fc169455e4a47f6d56eae0cd48b3') in 0.058223334 seconds
Number of updated asset objects reloaded before import = 0Number of asset objects unloaded after import = 60

========================================================================
Received Import Request.
  Time since last request: 2.246085 seconds.
  path: Assets/Prefabs/Spline.prefab
  artifactKey: Guid(139ad239e2a514b4c9ce4b1b57ffd675) Importer(815301076,1909f56bfc062723c751e8b465ee728b)
Start importing Assets/Prefabs/Spline.prefab using Guid(139ad239e2a514b4c9ce4b1b57ffd675) Importer(815301076,1909f56bfc062723c751e8b465ee728b) (PreviewImporter) -> (artifact id: '111f6b3eadca69b0be0b01bf24b807f8') in 0.0023505 seconds
Number of updated asset objects reloaded before import = 0Number of asset objects unloaded after import = 33

========================================================================
Received Import Request.
  Time since last request: 12.206517 seconds.
  path: Assets/Prefabs/AI/Spline Variant.prefab
  artifactKey: Guid(faf29e4812b9d4964a95db26f827d3fb) Importer(815301076,1909f56bfc062723c751e8b465ee728b)
Start importing Assets/Prefabs/AI/Spline Variant.prefab using Guid(faf29e4812b9d4964a95db26f827d3fb) Importer(815301076,1909f56bfc062723c751e8b465ee728b) (PreviewImporter) -> (artifact id: '08bd7737dec1259f3d8c7467a70b84ab') in 0.008847791 seconds
Number of updated asset objects reloaded before import = 0Number of asset objects unloaded after import = 92

========================================================================
Received Import Request.
  Time since last request: 1.919382 seconds.
  path: Assets/Prefabs/Spline.prefab
  artifactKey: Guid(139ad239e2a514b4c9ce4b1b57ffd675) Importer(815301076,1909f56bfc062723c751e8b465ee728b)
Start importing Assets/Prefabs/Spline.prefab using Guid(139ad239e2a514b4c9ce4b1b57ffd675) Importer(815301076,1909f56bfc062723c751e8b465ee728b) (PreviewImporter) -> (artifact id: 'be6cf149f81c4ad9c9f1ae912d256858') in 0.0017685 seconds
Number of updated asset objects reloaded before import = 0Number of asset objects unloaded after import = 15

========================================================================
Received Import Request.
  Time since last request: 25.299202 seconds.
  path: Assets/Prefabs/Spline.prefab
  artifactKey: Guid(139ad239e2a514b4c9ce4b1b57ffd675) Importer(815301076,1909f56bfc062723c751e8b465ee728b)
Start importing Assets/Prefabs/Spline.prefab using Guid(139ad239e2a514b4c9ce4b1b57ffd675) Importer(815301076,1909f56bfc062723c751e8b465ee728b) (PreviewImporter) -> (artifact id: '6e35af0af464a1de4a2ea4e7934ffed6') in 0.001825417 seconds
Number of updated asset objects reloaded before import = 0Number of asset objects unloaded after import = 15

========================================================================
Received Import Request.
  Time since last request: 13.598579 seconds.
  path: Assets/Prefabs/AI/Spline Variant.prefab
  artifactKey: Guid(faf29e4812b9d4964a95db26f827d3fb) Importer(815301076,1909f56bfc062723c751e8b465ee728b)
Start importing Assets/Prefabs/AI/Spline Variant.prefab using Guid(faf29e4812b9d4964a95db26f827d3fb) Importer(815301076,1909f56bfc062723c751e8b465ee728b) (PreviewImporter) -> (artifact id: 'a2a2a601e10181629d0a4053e5beba7a') in 0.00761 seconds
Number of updated asset objects reloaded before import = 0Number of asset objects unloaded after import = 73

========================================================================
Received Import Request.
  Time since last request: 1.780533 seconds.
  path: Assets/Prefabs/Spline.prefab
  artifactKey: Guid(139ad239e2a514b4c9ce4b1b57ffd675) Importer(815301076,1909f56bfc062723c751e8b465ee728b)
Start importing Assets/Prefabs/Spline.prefab using Guid(139ad239e2a514b4c9ce4b1b57ffd675) Importer(815301076,1909f56bfc062723c751e8b465ee728b) (PreviewImporter) -> (artifact id: 'ba93a7ef0e894a96ff579f79b1073faf') in 0.001842792 seconds
Number of updated asset objects reloaded before import = 0Number of asset objects unloaded after import = 33

========================================================================
Received Import Request.
  Time since last request: 25.115680 seconds.
  path: Assets/Prefabs/Spline.prefab
  artifactKey: Guid(139ad239e2a514b4c9ce4b1b57ffd675) Importer(815301076,1909f56bfc062723c751e8b465ee728b)
Start importing Assets/Prefabs/Spline.prefab using Guid(139ad239e2a514b4c9ce4b1b57ffd675) Importer(815301076,1909f56bfc062723c751e8b465ee728b) (PreviewImporter) -> (artifact id: '196345a3027d21c33065211b8cd6bb54') in 0.001617417 seconds
Number of updated asset objects reloaded before import = 0Number of asset objects unloaded after import = 14

========================================================================
Received Import Request.
  Time since last request: 6.757691 seconds.
  path: Assets/Prefabs/AI/Spline Variant.prefab
  artifactKey: Guid(faf29e4812b9d4964a95db26f827d3fb) Importer(815301076,1909f56bfc062723c751e8b465ee728b)
Start importing Assets/Prefabs/AI/Spline Variant.prefab using Guid(faf29e4812b9d4964a95db26f827d3fb) Importer(815301076,1909f56bfc062723c751e8b465ee728b) (PreviewImporter) -> (artifact id: '1f23eb97d17c59b83ab7b41718a8a9bc') in 0.008294125 seconds
Number of updated asset objects reloaded before import = 0Number of asset objects unloaded after import = 65

========================================================================
Received Prepare
Begin MonoManager ReloadAssembly
Thread 0x300ec3000 may have been prematurely finalized
- Loaded All Assemblies, in  0.229 seconds
Refreshing native plugins compatible for Editor in 0.01 ms, found 0 plugins.
Native extension for OSXStandalone target not found
Native extension for WebGL target not found
Mono: successfully reloaded assembly
- Finished resetting the current domain, in  0.765 seconds
Domain Reload Profiling: 995ms
	BeginReloadAssembly (126ms)
		ExecutionOrderSort (0ms)
		DisableScriptedObjects (5ms)
		BackupInstance (0ms)
		ReleaseScriptingObjects (0ms)
		CreateAndSetChildDomain (38ms)
	RebuildCommonClasses (41ms)
	RebuildNativeTypeToScriptingClass (15ms)
	initialDomainReloadingComplete (18ms)
	LoadAllAssembliesAndSetupDomain (29ms)
		LoadAssemblies (60ms)
		RebuildTransferFunctionScriptingTraits (0ms)
		AnalyzeDomain (24ms)
			TypeCache.Refresh (5ms)
				TypeCache.ScanAssembly (0ms)
			BuildScriptInfoCaches (15ms)
			ResolveRequiredComponents (2ms)
	FinalizeReload (766ms)
		ReleaseScriptCaches (0ms)
		RebuildScriptCaches (0ms)
		SetupLoadedEditorAssemblies (488ms)
			LogAssemblyErrors (0ms)
			InitializePlatformSupportModulesInManaged (5ms)
			SetLoadedEditorAssemblies (4ms)
			BeforeProcessingInitializeOnLoad (16ms)
			ProcessInitializeOnLoadAttributes (329ms)
			ProcessInitializeOnLoadMethodAttributes (94ms)
			AfterProcessingInitializeOnLoad (40ms)
			EditorAssembliesLoaded (0ms)
		ExecutionOrderSort2 (0ms)
		AwakeInstancesAfterBackupRestoration (7ms)
Refreshing native plugins compatible for Editor in 0.00 ms, found 0 plugins.
Preloading 0 native plugins for Editor in 0.00 ms.
Unloading 0 Unused Serialized files (Serialized files now loaded: 0)
Unloading 720 unused Assets / (47.0 KB). Loaded Objects now: 1405.
Memory consumption went from 110.4 MB to 110.4 MB.
Total: 6.943584 ms (FindLiveObjects: 0.097958 ms CreateObjectMapping: 0.038958 ms MarkObjects: 6.596625 ms  DeleteObjects: 0.209667 ms)

Prepare: number of updated asset objects reloaded= 0
========================================================================
Received Prepare
Begin MonoManager ReloadAssembly
Thread 0x300ec3000 may have been prematurely finalized
- Loaded All Assemblies, in  0.221 seconds
Refreshing native plugins compatible for Editor in 0.00 ms, found 0 plugins.
Native extension for OSXStandalone target not found
Native extension for WebGL target not found
Mono: successfully reloaded assembly
- Finished resetting the current domain, in  0.634 seconds
Domain Reload Profiling: 856ms
	BeginReloadAssembly (120ms)
		ExecutionOrderSort (0ms)
		DisableScriptedObjects (5ms)
		BackupInstance (0ms)
		ReleaseScriptingObjects (0ms)
		CreateAndSetChildDomain (36ms)
	RebuildCommonClasses (41ms)
	RebuildNativeTypeToScriptingClass (15ms)
	initialDomainReloadingComplete (15ms)
	LoadAllAssembliesAndSetupDomain (30ms)
		LoadAssemblies (52ms)
		RebuildTransferFunctionScriptingTraits (0ms)
		AnalyzeDomain (25ms)
			TypeCache.Refresh (5ms)
				TypeCache.ScanAssembly (0ms)
			BuildScriptInfoCaches (16ms)
			ResolveRequiredComponents (2ms)
	FinalizeReload (635ms)
		ReleaseScriptCaches (0ms)
		RebuildScriptCaches (0ms)
		SetupLoadedEditorAssemblies (403ms)
			LogAssemblyErrors (0ms)
			InitializePlatformSupportModulesInManaged (5ms)
			SetLoadedEditorAssemblies (5ms)
			BeforeProcessingInitializeOnLoad (14ms)
			ProcessInitializeOnLoadAttributes (291ms)
			ProcessInitializeOnLoadMethodAttributes (74ms)
			AfterProcessingInitializeOnLoad (13ms)
			EditorAssembliesLoaded (0ms)
		ExecutionOrderSort2 (0ms)
		AwakeInstancesAfterBackupRestoration (6ms)
Refreshing native plugins compatible for Editor in 0.00 ms, found 0 plugins.
Preloading 0 native plugins for Editor in 0.00 ms.
Unloading 0 Unused Serialized files (Serialized files now loaded: 0)
Unloading 720 unused Assets / (159.9 KB). Loaded Objects now: 1405.
Memory consumption went from 119.3 MB to 119.1 MB.
Total: 5.395834 ms (FindLiveObjects: 0.094875 ms CreateObjectMapping: 0.034042 ms MarkObjects: 4.969083 ms  DeleteObjects: 0.297209 ms)

Prepare: number of updated asset objects reloaded= 0
========================================================================
Received Import Request.
  Time since last request: 301.187169 seconds.
  path: Assets/Prefabs/Peach/F2_Item_Kart_Peach_S 1.prefab
  artifactKey: Guid(10c2e400937b7453e9a0effbe6dfe5cf) Importer(815301076,1909f56bfc062723c751e8b465ee728b)
Start importing Assets/Prefabs/Peach/F2_Item_Kart_Peach_S 1.prefab using Guid(10c2e400937b7453e9a0effbe6dfe5cf) Importer(815301076,1909f56bfc062723c751e8b465ee728b) (PreviewImporter) -> (artifact id: '751ad6361cee6b94643d02819dc810d3') in 0.094864 seconds
Number of updated asset objects reloaded before import = 0Number of asset objects unloaded after import = 143

========================================================================
Received Import Request.
  Time since last request: 3.276104 seconds.
  path: Assets/Prefabs/Peach/F2_Item_Kart_Peach_S 1.prefab
  artifactKey: Guid(10c2e400937b7453e9a0effbe6dfe5cf) Importer(815301076,1909f56bfc062723c751e8b465ee728b)
Start importing Assets/Prefabs/Peach/F2_Item_Kart_Peach_S 1.prefab using Guid(10c2e400937b7453e9a0effbe6dfe5cf) Importer(815301076,1909f56bfc062723c751e8b465ee728b) (PreviewImporter) -> (artifact id: 'f292cc3f6281bccaa7feff305e2bbe52') in 0.008553209 seconds
Number of updated asset objects reloaded before import = 0Number of asset objects unloaded after import = 143

========================================================================
Received Prepare
Begin MonoManager ReloadAssembly
Thread 0x16f80f000 may have been prematurely finalized
- Loaded All Assemblies, in  0.220 seconds
Refreshing native plugins compatible for Editor in 0.00 ms, found 0 plugins.
Native extension for OSXStandalone target not found
Native extension for WebGL target not found
Mono: successfully reloaded assembly
- Finished resetting the current domain, in  0.621 seconds
Domain Reload Profiling: 841ms
	BeginReloadAssembly (118ms)
		ExecutionOrderSort (0ms)
		DisableScriptedObjects (5ms)
		BackupInstance (0ms)
		ReleaseScriptingObjects (0ms)
		CreateAndSetChildDomain (37ms)
	RebuildCommonClasses (41ms)
	RebuildNativeTypeToScriptingClass (15ms)
	initialDomainReloadingComplete (16ms)
	LoadAllAssembliesAndSetupDomain (29ms)
		LoadAssemblies (54ms)
		RebuildTransferFunctionScriptingTraits (0ms)
		AnalyzeDomain (24ms)
			TypeCache.Refresh (5ms)
				TypeCache.ScanAssembly (0ms)
			BuildScriptInfoCaches (16ms)
			ResolveRequiredComponents (2ms)
	FinalizeReload (621ms)
		ReleaseScriptCaches (0ms)
		RebuildScriptCaches (0ms)
		SetupLoadedEditorAssemblies (399ms)
			LogAssemblyErrors (0ms)
			InitializePlatformSupportModulesInManaged (5ms)
			SetLoadedEditorAssemblies (4ms)
			BeforeProcessingInitializeOnLoad (15ms)
			ProcessInitializeOnLoadAttributes (282ms)
			ProcessInitializeOnLoadMethodAttributes (77ms)
			AfterProcessingInitializeOnLoad (17ms)
			EditorAssembliesLoaded (0ms)
		ExecutionOrderSort2 (0ms)
		AwakeInstancesAfterBackupRestoration (5ms)
Refreshing native plugins compatible for Editor in 0.00 ms, found 0 plugins.
Preloading 0 native plugins for Editor in 0.00 ms.
Unloading 0 Unused Serialized files (Serialized files now loaded: 0)
Unloading 720 unused Assets / (145.6 KB). Loaded Objects now: 1405.
Memory consumption went from 130.9 MB to 130.8 MB.
Total: 5.005584 ms (FindLiveObjects: 0.084375 ms CreateObjectMapping: 0.032334 ms MarkObjects: 4.735875 ms  DeleteObjects: 0.152542 ms)

Prepare: number of updated asset objects reloaded= 0
========================================================================
Received Import Request.
  Time since last request: 5.480722 seconds.
  path: Assets/Prefabs/Peach/F2_Item_Kart_Peach_S 1.prefab
  artifactKey: Guid(10c2e400937b7453e9a0effbe6dfe5cf) Importer(815301076,1909f56bfc062723c751e8b465ee728b)
Start importing Assets/Prefabs/Peach/F2_Item_Kart_Peach_S 1.prefab using Guid(10c2e400937b7453e9a0effbe6dfe5cf) Importer(815301076,1909f56bfc062723c751e8b465ee728b) (PreviewImporter) -> (artifact id: '41fc9f8f4217d536d05e900256f25608') in 0.081135792 seconds
Number of updated asset objects reloaded before import = 0Number of asset objects unloaded after import = 143

========================================================================
Received Import Request.
  Time since last request: 74.638435 seconds.
  path: Assets/Prefabs/Track/Carretera.prefab
  artifactKey: Guid(20133ab8eeff4144286db4a46aad2da9) Importer(815301076,1909f56bfc062723c751e8b465ee728b)
Start importing Assets/Prefabs/Track/Carretera.prefab using Guid(20133ab8eeff4144286db4a46aad2da9) Importer(815301076,1909f56bfc062723c751e8b465ee728b) (PreviewImporter) -> (artifact id: '8b29c13f1c53f1b764a29b76d2581b56') in 0.019785417 seconds
Number of updated asset objects reloaded before import = 0Number of asset objects unloaded after import = 19

========================================================================
Received Import Request.
  Time since last request: 22.368454 seconds.
  path: Assets/Prefabs/Track/Carretera.prefab
  artifactKey: Guid(20133ab8eeff4144286db4a46aad2da9) Importer(815301076,1909f56bfc062723c751e8b465ee728b)
Start importing Assets/Prefabs/Track/Carretera.prefab using Guid(20133ab8eeff4144286db4a46aad2da9) Importer(815301076,1909f56bfc062723c751e8b465ee728b) (PreviewImporter) -> (artifact id: '6b9478d5bd0c8a2c2788652a7ac9dc6a') in 0.012157417 seconds
Number of updated asset objects reloaded before import = 0Number of asset objects unloaded after import = 19

========================================================================
Received Import Request.
  Time since last request: 14.668925 seconds.
  path: Assets/Prefabs/Track/Carretera.prefab
  artifactKey: Guid(20133ab8eeff4144286db4a46aad2da9) Importer(815301076,1909f56bfc062723c751e8b465ee728b)
Start importing Assets/Prefabs/Track/Carretera.prefab using Guid(20133ab8eeff4144286db4a46aad2da9) Importer(815301076,1909f56bfc062723c751e8b465ee728b) (PreviewImporter) -> (artifact id: '88f23d7913944128964f9ffe53b35b97') in 0.0172605 seconds
Number of updated asset objects reloaded before import = 0Number of asset objects unloaded after import = 19

========================================================================
Received Import Request.
  Time since last request: 2.437633 seconds.
  path: Assets/Prefabs/Track/Carretera.prefab
  artifactKey: Guid(20133ab8eeff4144286db4a46aad2da9) Importer(815301076,1909f56bfc062723c751e8b465ee728b)
Start importing Assets/Prefabs/Track/Carretera.prefab using Guid(20133ab8eeff4144286db4a46aad2da9) Importer(815301076,1909f56bfc062723c751e8b465ee728b) (PreviewImporter) -> (artifact id: '28e6793dd074d98aea8dd3f332cba743') in 0.017130458 seconds
Number of updated asset objects reloaded before import = 0Number of asset objects unloaded after import = 19

========================================================================
Received Import Request.
  Time since last request: 41.402002 seconds.
  path: Assets/Prefabs/Track/Carretera.prefab
  artifactKey: Guid(20133ab8eeff4144286db4a46aad2da9) Importer(815301076,1909f56bfc062723c751e8b465ee728b)
Start importing Assets/Prefabs/Track/Carretera.prefab using Guid(20133ab8eeff4144286db4a46aad2da9) Importer(815301076,1909f56bfc062723c751e8b465ee728b) (PreviewImporter) -> (artifact id: 'b6ef2391fd072206948f3afcc5799534') in 0.014961209 seconds
Number of updated asset objects reloaded before import = 0Number of asset objects unloaded after import = 19

========================================================================
Received Import Request.
  Time since last request: 9.300626 seconds.
  path: Assets/Prefabs/Track/Carretera.prefab
  artifactKey: Guid(20133ab8eeff4144286db4a46aad2da9) Importer(815301076,1909f56bfc062723c751e8b465ee728b)
Start importing Assets/Prefabs/Track/Carretera.prefab using Guid(20133ab8eeff4144286db4a46aad2da9) Importer(815301076,1909f56bfc062723c751e8b465ee728b) (PreviewImporter) -> (artifact id: '1b7f84f0504fe2a1415424d127bda694') in 0.009794875 seconds
Number of updated asset objects reloaded before import = 0Number of asset objects unloaded after import = 19

========================================================================
Received Import Request.
  Time since last request: 3.630312 seconds.
  path: Assets/Prefabs/Track/Carretera.prefab
  artifactKey: Guid(20133ab8eeff4144286db4a46aad2da9) Importer(815301076,1909f56bfc062723c751e8b465ee728b)
Start importing Assets/Prefabs/Track/Carretera.prefab using Guid(20133ab8eeff4144286db4a46aad2da9) Importer(815301076,1909f56bfc062723c751e8b465ee728b) (PreviewImporter) -> (artifact id: '8a25484c98fa8e1194c06a95dea26b5c') in 0.01123775 seconds
Number of updated asset objects reloaded before import = 0Number of asset objects unloaded after import = 19

========================================================================
Received Import Request.
  Time since last request: 2.416142 seconds.
  path: Assets/Prefabs/Track/Carretera.prefab
  artifactKey: Guid(20133ab8eeff4144286db4a46aad2da9) Importer(815301076,1909f56bfc062723c751e8b465ee728b)
Start importing Assets/Prefabs/Track/Carretera.prefab using Guid(20133ab8eeff4144286db4a46aad2da9) Importer(815301076,1909f56bfc062723c751e8b465ee728b) (PreviewImporter) -> (artifact id: 'ceb13f0b4872558d21be5050343ea44e') in 0.009276375 seconds
Number of updated asset objects reloaded before import = 0Number of asset objects unloaded after import = 19

========================================================================
Received Prepare
Begin MonoManager ReloadAssembly
Thread 0x16f80f000 may have been prematurely finalized
- Loaded All Assemblies, in  0.459 seconds
Refreshing native plugins compatible for Editor in 0.00 ms, found 0 plugins.
Native extension for OSXStandalone target not found
Native extension for WebGL target not found
Mono: successfully reloaded assembly
- Finished resetting the current domain, in  1.059 seconds
Domain Reload Profiling: 1519ms
	BeginReloadAssembly (274ms)
		ExecutionOrderSort (0ms)
		DisableScriptedObjects (10ms)
		BackupInstance (0ms)
		ReleaseScriptingObjects (0ms)
		CreateAndSetChildDomain (125ms)
	RebuildCommonClasses (82ms)
	RebuildNativeTypeToScriptingClass (26ms)
	initialDomainReloadingComplete (26ms)
	LoadAllAssembliesAndSetupDomain (52ms)
		LoadAssemblies (104ms)
		RebuildTransferFunctionScriptingTraits (0ms)
		AnalyzeDomain (42ms)
			TypeCache.Refresh (6ms)
				TypeCache.ScanAssembly (0ms)
			BuildScriptInfoCaches (28ms)
			ResolveRequiredComponents (4ms)
	FinalizeReload (1059ms)
		ReleaseScriptCaches (0ms)
		RebuildScriptCaches (0ms)
		SetupLoadedEditorAssemblies (642ms)
			LogAssemblyErrors (0ms)
			InitializePlatformSupportModulesInManaged (8ms)
			SetLoadedEditorAssemblies (8ms)
			BeforeProcessingInitializeOnLoad (34ms)
			ProcessInitializeOnLoadAttributes (251ms)
			ProcessInitializeOnLoadMethodAttributes (54ms)
			AfterProcessingInitializeOnLoad (286ms)
			EditorAssembliesLoaded (0ms)
		ExecutionOrderSort2 (0ms)
		AwakeInstancesAfterBackupRestoration (8ms)
Refreshing native plugins compatible for Editor in 0.00 ms, found 0 plugins.
Preloading 0 native plugins for Editor in 0.00 ms.
Unloading 0 Unused Serialized files (Serialized files now loaded: 0)
Unloading 720 unused Assets / (32.0 KB). Loaded Objects now: 1405.
Memory consumption went from 140.6 MB to 140.5 MB.
Total: 10.639042 ms (FindLiveObjects: 0.214750 ms CreateObjectMapping: 0.082958 ms MarkObjects: 9.768416 ms  DeleteObjects: 0.571375 ms)

Prepare: number of updated asset objects reloaded= 0
========================================================================
Received Import Request.
  Time since last request: 20.347129 seconds.
  path: Assets/Prefabs/Track/Carretera.prefab
  artifactKey: Guid(20133ab8eeff4144286db4a46aad2da9) Importer(815301076,1909f56bfc062723c751e8b465ee728b)
Start importing Assets/Prefabs/Track/Carretera.prefab using Guid(20133ab8eeff4144286db4a46aad2da9) Importer(815301076,1909f56bfc062723c751e8b465ee728b) (PreviewImporter) -> (artifact id: '1ade46aa43d498684320f840344b1df5') in 0.15882475 seconds
Number of updated asset objects reloaded before import = 0Number of asset objects unloaded after import = 19

========================================================================
Received Prepare
Begin MonoManager ReloadAssembly
Thread 0x16f80f000 may have been prematurely finalized
- Loaded All Assemblies, in  0.431 seconds
Refreshing native plugins compatible for Editor in 0.00 ms, found 0 plugins.
Native extension for OSXStandalone target not found
Native extension for WebGL target not found
Mono: successfully reloaded assembly
- Finished resetting the current domain, in  1.004 seconds
Domain Reload Profiling: 1437ms
	BeginReloadAssembly (251ms)
		ExecutionOrderSort (0ms)
		DisableScriptedObjects (10ms)
		BackupInstance (0ms)
		ReleaseScriptingObjects (0ms)
		CreateAndSetChildDomain (108ms)
	RebuildCommonClasses (71ms)
	RebuildNativeTypeToScriptingClass (31ms)
	initialDomainReloadingComplete (26ms)
	LoadAllAssembliesAndSetupDomain (53ms)
		LoadAssemblies (101ms)
		RebuildTransferFunctionScriptingTraits (0ms)
		AnalyzeDomain (42ms)
			TypeCache.Refresh (5ms)
				TypeCache.ScanAssembly (0ms)
			BuildScriptInfoCaches (30ms)
			ResolveRequiredComponents (4ms)
	FinalizeReload (1005ms)
		ReleaseScriptCaches (0ms)
		RebuildScriptCaches (0ms)
		SetupLoadedEditorAssemblies (596ms)
			LogAssemblyErrors (0ms)
			InitializePlatformSupportModulesInManaged (10ms)
			SetLoadedEditorAssemblies (7ms)
			BeforeProcessingInitializeOnLoad (24ms)
			ProcessInitializeOnLoadAttributes (211ms)
			ProcessInitializeOnLoadMethodAttributes (47ms)
			AfterProcessingInitializeOnLoad (296ms)
			EditorAssembliesLoaded (0ms)
		ExecutionOrderSort2 (0ms)
		AwakeInstancesAfterBackupRestoration (7ms)
Refreshing native plugins compatible for Editor in 0.00 ms, found 0 plugins.
Preloading 0 native plugins for Editor in 0.00 ms.
Unloading 0 Unused Serialized files (Serialized files now loaded: 0)
Unloading 720 unused Assets / (28.8 KB). Loaded Objects now: 1405.
Memory consumption went from 150.0 MB to 149.9 MB.
Total: 9.269416 ms (FindLiveObjects: 0.197250 ms CreateObjectMapping: 0.069375 ms MarkObjects: 8.706625 ms  DeleteObjects: 0.295125 ms)

Prepare: number of updated asset objects reloaded= 0
========================================================================
Received Import Request.
  Time since last request: 3393.970570 seconds.
  path: Assets/Prefabs/Track/TrackUnit.prefab
  artifactKey: Guid(ee5f25e1ceaa940468dbafc20dd2d27d) Importer(815301076,1909f56bfc062723c751e8b465ee728b)
Start importing Assets/Prefabs/Track/TrackUnit.prefab using Guid(ee5f25e1ceaa940468dbafc20dd2d27d) Importer(815301076,1909f56bfc062723c751e8b465ee728b) (PreviewImporter) -> (artifact id: '07c105d2207f8425e8590ce6f0df0669') in 0.191599667 seconds
Number of updated asset objects reloaded before import = 0Number of asset objects unloaded after import = 38

========================================================================
Received Import Request.
  Time since last request: 21.152550 seconds.
  path: Assets/Prefabs/Track
  artifactKey: Guid(2311cdc1cbfdf5346becc6004388ad48) Importer(815301076,1909f56bfc062723c751e8b465ee728b)
Start importing Assets/Prefabs/Track using Guid(2311cdc1cbfdf5346becc6004388ad48) Importer(815301076,1909f56bfc062723c751e8b465ee728b) (PreviewImporter) -> (artifact id: '1894112aca16895a68a3853565b47560') in 0.000974708 seconds
Number of updated asset objects reloaded before import = 0Number of asset objects unloaded after import = 0

========================================================================
Received Import Request.
  Time since last request: 9.616668 seconds.
  path: Assets/Prefabs/Track/TrackUnit.prefab
  artifactKey: Guid(ee5f25e1ceaa940468dbafc20dd2d27d) Importer(815301076,1909f56bfc062723c751e8b465ee728b)
Start importing Assets/Prefabs/Track/TrackUnit.prefab using Guid(ee5f25e1ceaa940468dbafc20dd2d27d) Importer(815301076,1909f56bfc062723c751e8b465ee728b) (PreviewImporter) -> (artifact id: '378686cb61558db7c50ae763a90053af') in 0.01713575 seconds
Number of updated asset objects reloaded before import = 0Number of asset objects unloaded after import = 38

========================================================================
Received Import Request.
  Time since last request: 146.887363 seconds.
  path: Assets/Prefabs/Track/TrackUnit.prefab
  artifactKey: Guid(ee5f25e1ceaa940468dbafc20dd2d27d) Importer(815301076,1909f56bfc062723c751e8b465ee728b)
Start importing Assets/Prefabs/Track/TrackUnit.prefab using Guid(ee5f25e1ceaa940468dbafc20dd2d27d) Importer(815301076,1909f56bfc062723c751e8b465ee728b) (PreviewImporter) -> (artifact id: '005e06da1f2f5fe3dd041a41e0c5d00c') in 0.018907625 seconds
Number of updated asset objects reloaded before import = 0Number of asset objects unloaded after import = 38

